[    0.000000] Initializing cgroup subsys cpuset
[    0.000000] Initializing cgroup subsys cpu
[    0.000000] Initializing cgroup subsys cpuacct
[    0.000000] Linux version 4.4.0-189-generic (buildd@lgw01-amd64-047) (gcc version 5.4.0 20160609 (Ubuntu 5.4.0-6ubuntu1~16.04.12) ) #219-Ubuntu SMP Tue Aug 11 12:26:50 UTC 2020 (Ubuntu 4.4.0-189.219-generic 4.4.232)
[    0.000000] Command line: BOOT_IMAGE=/boot/vmlinuz-4.4.0-189-generic root=UUID=8b4521ed-e76e-42dd-b204-962cf3cf52b3 ro console=tty1 console=ttyS0
[    0.000000] KERNEL supported cpus:
[    0.000000]   Intel GenuineIntel
[    0.000000]   AMD AuthenticAMD
[    0.000000]   Centaur CentaurHauls
[    0.000000] x86/fpu: xstate_offset[2]:  576, xstate_sizes[2]:  256
[    0.000000] x86/fpu: Supporting XSAVE feature 0x01: 'x87 floating point registers'
[    0.000000] x86/fpu: Supporting XSAVE feature 0x02: 'SSE registers'
[    0.000000] x86/fpu: Supporting XSAVE feature 0x04: 'AVX registers'
[    0.000000] x86/fpu: Enabled xstate features 0x7, context size is 832 bytes, using 'standard' format.
[    0.000000] e820: BIOS-provided physical RAM map:
[    0.000000] BIOS-e820: [mem 0x0000000000000000-0x000000000009fbff] usable
[    0.000000] BIOS-e820: [mem 0x000000000009fc00-0x000000000009ffff] reserved
[    0.000000] BIOS-e820: [mem 0x00000000000f0000-0x00000000000fffff] reserved
[    0.000000] BIOS-e820: [mem 0x0000000000100000-0x000000003ffeffff] usable
[    0.000000] BIOS-e820: [mem 0x000000003fff0000-0x000000003fffffff] ACPI data
[    0.000000] BIOS-e820: [mem 0x00000000fec00000-0x00000000fec00fff] reserved
[    0.000000] BIOS-e820: [mem 0x00000000fee00000-0x00000000fee00fff] reserved
[    0.000000] BIOS-e820: [mem 0x00000000fffc0000-0x00000000ffffffff] reserved
[    0.000000] NX (Execute Disable) protection: active
[    0.000000] SMBIOS 2.5 present.
[    0.000000] Hypervisor detected: KVM
[    0.000000] e820: last_pfn = 0x3fff0 max_arch_pfn = 0x400000000
[    0.000000] MTRR: Disabled
[    0.000000] x86/PAT: MTRRs disabled, skipping PAT initialization too.
[    0.000000] CPU MTRRs all blank - virtualized system.
[    0.000000] x86/PAT: Configuration [0-7]: WB  WT  UC- UC  WB  WT  UC- UC  
[    0.000000] found SMP MP-table at [mem 0x0009fff0-0x0009ffff] mapped at [ffff88000009fff0]
[    0.000000] Scanning 1 areas for low memory corruption
[    0.000000] RAMDISK: [mem 0x361ca000-0x370dcfff]
[    0.000000] ACPI: Early table checksum verification disabled
[    0.000000] ACPI: RSDP 0x00000000000E0000 000024 (v02 VBOX  )
[    0.000000] ACPI: XSDT 0x000000003FFF0030 00003C (v01 VBOX   VBOXXSDT 00000001 ASL  00000061)
[    0.000000] ACPI: FACP 0x000000003FFF00F0 0000F4 (v04 VBOX   VBOXFACP 00000001 ASL  00000061)
[    0.000000] ACPI: DSDT 0x000000003FFF0470 002325 (v02 VBOX   VBOXBIOS 00000002 INTL 20100528)
[    0.000000] ACPI: FACS 0x000000003FFF0200 000040
[    0.000000] ACPI: FACS 0x000000003FFF0200 000040
[    0.000000] ACPI: APIC 0x000000003FFF0240 00005C (v02 VBOX   VBOXAPIC 00000001 ASL  00000061)
[    0.000000] ACPI: SSDT 0x000000003FFF02A0 0001CC (v01 VBOX   VBOXCPUT 00000002 INTL 20100528)
[    0.000000] No NUMA configuration found
[    0.000000] Faking a node at [mem 0x0000000000000000-0x000000003ffeffff]
[    0.000000] NODE_DATA(0) allocated [mem 0x3ffeb000-0x3ffeffff]
[    0.000000] kvm-clock: Using msrs 4b564d01 and 4b564d00
[    0.000000] kvm-clock: cpu 0, msr 0:3ffe3001, primary cpu clock
[    0.000000] kvm-clock: using sched offset of 6505948584 cycles
[    0.000000] clocksource: kvm-clock: mask: 0xffffffffffffffff max_cycles: 0x1cd42e4dffb, max_idle_ns: 881590591483 ns
[    0.000000] Zone ranges:
[    0.000000]   DMA      [mem 0x0000000000001000-0x0000000000ffffff]
[    0.000000]   DMA32    [mem 0x0000000001000000-0x000000003ffeffff]
[    0.000000]   Normal   empty
[    0.000000]   Device   empty
[    0.000000] Movable zone start for each node
[    0.000000] Early memory node ranges
[    0.000000]   node   0: [mem 0x0000000000001000-0x000000000009efff]
[    0.000000]   node   0: [mem 0x0000000000100000-0x000000003ffeffff]
[    0.000000] Initmem setup node 0 [mem 0x0000000000001000-0x000000003ffeffff]
[    0.000000] ACPI: PM-Timer IO Port: 0x4008
[    0.000000] IOAPIC[0]: apic_id 2, version 32, address 0xfec00000, GSI 0-23
[    0.000000] ACPI: INT_SRC_OVR (bus 0 bus_irq 0 global_irq 2 dfl dfl)
[    0.000000] ACPI: INT_SRC_OVR (bus 0 bus_irq 9 global_irq 9 low level)
[    0.000000] Using ACPI (MADT) for SMP configuration information
[    0.000000] smpboot: Allowing 2 CPUs, 0 hotplug CPUs
[    0.000000] PM: Registered nosave memory: [mem 0x00000000-0x00000fff]
[    0.000000] PM: Registered nosave memory: [mem 0x0009f000-0x0009ffff]
[    0.000000] PM: Registered nosave memory: [mem 0x000a0000-0x000effff]
[    0.000000] PM: Registered nosave memory: [mem 0x000f0000-0x000fffff]
[    0.000000] e820: [mem 0x40000000-0xfebfffff] available for PCI devices
[    0.000000] Booting paravirtualized kernel on KVM
[    0.000000] clocksource: refined-jiffies: mask: 0xffffffff max_cycles: 0xffffffff, max_idle_ns: 7645519600211568 ns
[    0.000000] setup_percpu: NR_CPUS:512 nr_cpumask_bits:512 nr_cpu_ids:2 nr_node_ids:1
[    0.000000] PERCPU: Embedded 33 pages/cpu @ffff88003fc00000 s95512 r8192 d31464 u1048576
[    0.000000] Built 1 zonelists in Node order, mobility grouping on.  Total pages: 257912
[    0.000000] Policy zone: DMA32
[    0.000000] Kernel command line: BOOT_IMAGE=/boot/vmlinuz-4.4.0-189-generic root=UUID=8b4521ed-e76e-42dd-b204-962cf3cf52b3 ro console=tty1 console=ttyS0
[    0.000000] PID hash table entries: 4096 (order: 3, 32768 bytes)
[    0.000000] Memory: 997108K/1048120K available (8636K kernel code, 1337K rwdata, 4040K rodata, 1492K init, 1296K bss, 51012K reserved, 0K cma-reserved)
[    0.000000] SLUB: HWalign=64, Order=0-3, MinObjects=0, CPUs=2, Nodes=1
[    0.000000] Kernel/User page tables isolation: enabled
[    0.000000] Hierarchical RCU implementation.
[    0.000000] 	Build-time adjustment of leaf fanout to 64.
[    0.000000] 	RCU restricting CPUs from NR_CPUS=512 to nr_cpu_ids=2.
[    0.000000] RCU: Adjusting geometry for rcu_fanout_leaf=64, nr_cpu_ids=2
[    0.000000] NR_IRQS:33024 nr_irqs:440 16
[    0.000000] Console: colour VGA+ 80x25
[    0.000000] console [tty1] enabled
[    0.000000] console [ttyS0] enabled
[    0.000000] tsc: Detected 2693.860 MHz processor
[    0.326819] Calibrating delay loop (skipped) preset value.. 5387.72 BogoMIPS (lpj=10775440)
[    0.331350] pid_max: default: 32768 minimum: 301
[    0.333862] ACPI: Core revision 20150930
[    0.336863] ACPI: 2 ACPI AML tables successfully acquired and loaded
[    0.340476] Security Framework initialized
[    0.342676] Yama: becoming mindful.
[    0.344674] AppArmor: AppArmor initialized
[    0.346954] Dentry cache hash table entries: 131072 (order: 8, 1048576 bytes)
[    0.352198] Inode-cache hash table entries: 65536 (order: 7, 524288 bytes)
[    0.355826] Mount-cache hash table entries: 2048 (order: 2, 16384 bytes)
[    0.359238] Mountpoint-cache hash table entries: 2048 (order: 2, 16384 bytes)
[    0.363101] Initializing cgroup subsys io
[    0.365249] Initializing cgroup subsys memory
[    0.367570] Initializing cgroup subsys devices
[    0.369911] Initializing cgroup subsys freezer
[    0.372292] Initializing cgroup subsys net_cls
[    0.374652] Initializing cgroup subsys perf_event
[    0.377154] Initializing cgroup subsys net_prio
[    0.379629] Initializing cgroup subsys hugetlb
[    0.382189] Initializing cgroup subsys pids
[    0.384823] mce: CPU supports 0 MCE banks
[    0.386989] Last level iTLB entries: 4KB 512, 2MB 8, 4MB 8
[    0.389802] Last level dTLB entries: 4KB 512, 2MB 32, 4MB 32, 1GB 0
[    0.392972] Spectre V1 : Mitigation: usercopy/swapgs barriers and __user pointer sanitization
[    0.397580] Spectre V2 : Mitigation: Full generic retpoline
[    0.400496] Spectre V2 : Spectre v2 / SpectreRSB mitigation: Filling RSB on context switch
[    0.404997] Speculative Store Bypass: Vulnerable
[    0.407379] SRBDS: Unknown: Dependent on hypervisor status
[    0.410573] MDS: Mitigation: Clear CPU buffers
[    0.416128] Freeing SMP alternatives memory: 36K
[    0.425804] ftrace: allocating 32336 entries in 127 pages
[    0.496073] smpboot: APIC(0) Converting physical 0 to logical package 0
[    0.499544] smpboot: Max logical packages: 1
[    0.502090] x2apic enabled
[    0.503899] Switched APIC routing to physical x2apic.
[    0.507730] ..TIMER: vector=0x30 apic1=0 pin1=2 apic2=-1 pin2=-1
[    0.619177] smpboot: CPU0: Intel(R) Core(TM) i5-3330S CPU @ 2.70GHz (family: 0x6, model: 0x3a, stepping: 0x9)
[    0.624987] Performance Events: unsupported p6 CPU model 58 no PMU driver, software events only.
[    0.642066] KVM setup paravirtual spinlock
[    0.645033] x86: Booting SMP configuration:
[    0.647251] .... node  #0, CPUs:      #1
[    0.649736] kvm-clock: cpu 1, msr 0:3ffe3041, secondary cpu clock
[    0.653211] mce: CPU supports 0 MCE banks
[    0.657183] x86: Booted up 1 node, 2 CPUs
[    0.659639] smpboot: Total of 2 processors activated (10775.44 BogoMIPS)
[    0.663663] devtmpfs: initialized
[    0.667351] evm: security.selinux
[    0.669267] evm: security.SMACK64
[    0.671198] evm: security.SMACK64EXEC
[    0.673359] evm: security.SMACK64TRANSMUTE
[    0.675673] evm: security.SMACK64MMAP
[    0.677721] evm: security.ima
[    0.679369] evm: security.capability
[    0.681650] clocksource: jiffies: mask: 0xffffffff max_cycles: 0xffffffff, max_idle_ns: 7645041785100000 ns
[    0.686821] futex hash table entries: 512 (order: 3, 32768 bytes)
[    0.690120] pinctrl core: initialized pinctrl subsystem
[    0.693227] RTC time: 10:48:09, date: 09/03/20
[    0.695894] NET: Registered protocol family 16
[    0.707047] cpuidle: using governor ladder
[    0.719391] cpuidle: using governor menu
[    0.721594] PCCT header not found.
[    0.723558] ACPI: bus type PCI registered
[    0.725831] acpiphp: ACPI Hot Plug PCI Controller Driver version: 0.5
[    0.729294] PCI: Using configuration type 1 for base access
[    0.744141] ACPI: Added _OSI(Module Device)
[    0.746475] ACPI: Added _OSI(Processor Device)
[    0.748928] ACPI: Added _OSI(3.0 _SCP Extensions)
[    0.751444] ACPI: Added _OSI(Processor Aggregator Device)
[    0.755152] ACPI: Executed 1 blocks of module-level executable AML code
[    0.760961] ACPI: Interpreter enabled
[    0.763101] ACPI: (supports S0 S5)
[    0.764920] ACPI: Using IOAPIC for interrupt routing
[    0.767790] PCI: Using host bridge windows from ACPI; if necessary, use "pci=nocrs" and report a bug
[    0.778427] ACPI: PCI Root Bridge [PCI0] (domain 0000 [bus 00-ff])
[    0.782071] acpi PNP0A03:00: _OSC: OS supports [ASPM ClockPM Segments MSI]
[    0.785804] acpi PNP0A03:00: _OSC: not requesting OS control; OS requires [ExtendedConfig ASPM ClockPM MSI]
[    0.790872] acpi PNP0A03:00: fail to add MMCONFIG information, can't access extended PCI configuration space under this bridge.
[    0.797748] PCI host bridge to bus 0000:00
[    0.800105] pci_bus 0000:00: root bus resource [io  0x0000-0x0cf7 window]
[    0.803961] pci_bus 0000:00: root bus resource [io  0x0d00-0xffff window]
[    0.807839] pci_bus 0000:00: root bus resource [mem 0x000a0000-0x000bffff window]
[    0.812189] pci_bus 0000:00: root bus resource [mem 0x40000000-0xfdffffff window]
[    0.816525] pci_bus 0000:00: root bus resource [bus 00-ff]
[    0.823743] pci 0000:00:01.1: legacy IDE quirk: reg 0x10: [io  0x01f0-0x01f7]
[    0.827910] pci 0000:00:01.1: legacy IDE quirk: reg 0x14: [io  0x03f6]
[    0.831774] pci 0000:00:01.1: legacy IDE quirk: reg 0x18: [io  0x0170-0x0177]
[    0.846856] pci 0000:00:01.1: legacy IDE quirk: reg 0x1c: [io  0x0376]
[    0.871752] pci 0000:00:07.0: quirk: [io  0x4000-0x403f] claimed by PIIX4 ACPI
[    0.876160] pci 0000:00:07.0: quirk: [io  0x4100-0x410f] claimed by PIIX4 SMB
[    0.893378] ACPI: PCI Interrupt Link [LNKA] (IRQs 5 9 10 *11)
[    0.898140] ACPI: PCI Interrupt Link [LNKB] (IRQs 5 9 *10 11)
[    0.902390] ACPI: PCI Interrupt Link [LNKC] (IRQs 5 *9 10 11)
[    0.907481] ACPI: PCI Interrupt Link [LNKD] (IRQs 5 9 10 *11)
[    0.911865] ACPI: Enabled 2 GPEs in block 00 to 07
[    0.915286] vgaarb: setting as boot device: PCI:0000:00:02.0
[    0.918657] vgaarb: device added: PCI:0000:00:02.0,decodes=io+mem,owns=io+mem,locks=none
[    0.924206] vgaarb: loaded
[    0.925967] vgaarb: bridge control possible 0000:00:02.0
[    0.929331] SCSI subsystem initialized
[    0.931976] ACPI: bus type USB registered
[    0.934424] usbcore: registered new interface driver usbfs
[    0.937531] usbcore: registered new interface driver hub
[    0.940407] usbcore: registered new device driver usb
[    0.943845] PCI: Using ACPI for IRQ routing
[    0.948441] NetLabel: Initializing
[    0.950414] NetLabel:  domain hash size = 128
[    0.952877] NetLabel:  protocols = UNLABELED CIPSOv4
[    0.955754] NetLabel:  unlabeled traffic allowed by default
[    0.959127] amd_nb: Cannot enumerate AMD northbridges
[    0.962297] clocksource: Switched to clocksource kvm-clock
[    0.973685] AppArmor: AppArmor Filesystem Enabled
[    0.976270] pnp: PnP ACPI init
[    0.979470] pnp: PnP ACPI: found 3 devices
[    0.992711] clocksource: acpi_pm: mask: 0xffffff max_cycles: 0xffffff, max_idle_ns: 2085701024 ns
[    0.997267] NET: Registered protocol family 2
[    0.999771] TCP established hash table entries: 8192 (order: 4, 65536 bytes)
[    1.003387] TCP bind hash table entries: 8192 (order: 5, 131072 bytes)
[    1.006697] TCP: Hash tables configured (established 8192 bind 8192)
[    1.010006] UDP hash table entries: 512 (order: 2, 16384 bytes)
[    1.013220] UDP-Lite hash table entries: 512 (order: 2, 16384 bytes)
[    1.016671] NET: Registered protocol family 1
[    1.019188] pci 0000:00:00.0: Limiting direct PCI/PCI transfers
[    1.022739] pci 0000:00:01.0: Activating ISA DMA hang workarounds
[    1.026518] Unpacking initramfs...
[    1.270928] Freeing initrd memory: 15436K
[    1.273519] RAPL PMU detected, API unit is 2^-32 Joules, 3 fixed counters 10737418240 ms ovfl timer
[    1.278443] hw unit of domain pp0-core 2^-0 Joules
[    1.281020] hw unit of domain package 2^-0 Joules
[    1.283663] hw unit of domain pp1-gpu 2^-0 Joules
[    1.286178] clocksource: tsc: mask: 0xffffffffffffffff max_cycles: 0x26d495e7549, max_idle_ns: 440795226485 ns
[    1.291581] platform rtc_cmos: registered platform RTC device (no PNP device found)
[    1.295775] Scanning for low memory corruption every 60 seconds
[    1.299442] audit: initializing netlink subsys (disabled)
[    1.302397] audit: type=2000 audit(1599130097.903:1): initialized
[    1.305882] Initialise system trusted keyring
[    1.308581] HugeTLB registered 2 MB page size, pre-allocated 0 pages
[    1.313532] zbud: loaded
[    1.315587] VFS: Disk quotas dquot_6.6.0
[    1.317711] VFS: Dquot-cache hash table entries: 512 (order 0, 4096 bytes)
[    1.321459] squashfs: version 4.0 (2009/01/31) Phillip Lougher
[    1.324782] fuse init (API version 7.23)
[    1.327285] Key type big_key registered
[    1.329551] Allocating IMA MOK and blacklist keyrings.
[    1.333972] Key type asymmetric registered
[    1.336212] Asymmetric key parser 'x509' registered
[    1.338866] Block layer SCSI generic (bsg) driver version 0.4 loaded (major 249)
[    1.343197] io scheduler noop registered
[    1.345434] io scheduler deadline registered (default)
[    1.348339] io scheduler cfq registered
[    1.350466] pci_hotplug: PCI Hot Plug PCI Core version: 0.5
[    1.353575] pciehp: PCI Express Hot Plug Controller Driver version: 0.4
[    1.357266] ACPI: AC Adapter [AC] (on-line)
[    1.359692] input: Power Button as /devices/LNXSYSTM:00/LNXPWRBN:00/input/input0
[    1.363733] ACPI: Power Button [PWRF]
[    1.365848] input: Sleep Button as /devices/LNXSYSTM:00/LNXSLPBN:00/input/input1
[    1.370088] ACPI: Sleep Button [SLPF]
[    1.372520] GHES: HEST is not enabled!
[    1.374695] Serial: 8250/16550 driver, 32 ports, IRQ sharing enabled
[    1.398942] 00:02: ttS0 at I/O 0x3f8 (irq = , base_baud = 115200) isa 16550A
[    1.405994] Linux agpgart interface v0.103
[    1.412392] loop: module loaded
[    1.415185] scsi host0: ata_piix
[    1.417433] scsi host1: ata_piix
[    1.419422] ata1: PATA max UDMA/33 cmd 0x1f0 ctl 0x3f6 bmdma 0xd000 irq 14
[    1.423111] ata2: PATA max UDMA/33 cmd 0x170 ctl 0x376 bmdma 0xd008 irq 15
[    1.427134] libphy: Fixed MDIO Bus: probed
[    1.429492] tun: Universal TUN/TAP device driver, 1.6
[    1.432208] tun: (C) 1999-2004 Max Krasnyansky <maxk@qualcomm.com>
[    1.435546] PPP generic driver version 2.4.2
[    1.438008] ehci_hcd: USB 2.0 'Enhanced' Host Controller (EHCI) Driver
[    1.441433] ehci-pci: EHCI PCI platform driver
[    1.443862] ehci-platform: EHCI generic platform driver
[    1.446671] ohci_hcd: USB 1.1 'Open' Host Controller (OHCI) Driver
[    1.449917] ohci-pci: OHCI PCI platform driver
[    1.452455] ohci-platform: OHCI generic platform driver
[    1.455228] uhci_hcd: USB Universal Host Controller Interface driver
[    1.458585] i8042: PNP: PS/2 Controller [PNP0303:PS2K,PNP0f03:PS2M] at 0x60,0x64 irq 1,12
[    1.463550] serio: i8042 KBD port at 0x60,0x64 irq 1
[    1.466220] serio: i8042 AUX port at 0x60,0x64 irq 12
[    1.468985] mousedev: PS/2 mouse device common for all mice
[    1.472413] rtc_cmos rtc_cmos: rtc core: registered rtc_cmos as rtc0
[    1.475816] rtc_cmos rtc_cmos: alarms up to one day, 114 bytes nvram
[    1.479119] i2c /dev entries driver
[    1.481114] device-mapper: uevent: version 1.0.3
[    1.483682] input: AT Translated Set 2 keyboard as /devices/platform/i8042/serio0/input/input2
[    1.488401] device-mapper: ioctl: 4.34.0-ioctl (2015-10-28) initialised: dm-devel@redhat.com
[    1.492872] ledtrig-cpu: registered to indicate activity on CPUs
[    1.496621] NET: Registered protocol family 10
[    1.499358] NET: Registered protocol family 17
[    1.501792] Key type dns_resolver registered
[    1.504448] registered taskstats version 1
[    1.506786] Loading compiled-in X.509 certificates
[    1.509987] Loaded X.509 cert 'Build time autogenerated kernel key: 06f0812676e66a24038557b34a5a5205bffb6390'
[    1.515287] zswap: loaded using pool lzo/zbud
[    1.520143] Key type trusted registered
[    1.526984] Key type encrypted registered
[    1.529205] AppArmor: AppArmor sha1 policy hashing enabled
[    1.532197] ima: No TPM chip found, activating TPM-bypass!
[    1.535113] ima: Allocated hash algorithm: sha1
[    1.537586] evm: HMAC attrs: 0x1
[    1.540119]   Magic number: 4:91:830
[    1.542268] rtc_cmos rtc_cmos: setting system clock to 2020-09-03 10:48:10 UTC (1599130090)
[    1.547336] BIOS EDD facility v0.16 2004-Jun-25, 0 devices found
[    1.550700] EDD information not available.
[    1.607103] Freeing unused kernel memory: 1492K
[    1.609596] Write protecting the kernel read-only data: 14336k
[    1.613318] Freeing unused kernel memory: 1592K
[    1.616043] Freeing unused kernel memory: 56K
Loading, please wait...
starting version 229
[    1.634045] random: systemd-udevd: uninitialized urandom read (16 bytes read, 2 bits of entropy available)
[    1.635959] random: udevadm: uninitialized urandom read (16 bytes read, 2 bits of entropy available)
[    1.636040] random: udevadm: uninitialized urandom read (16 bytes read, 2 bits of entropy available)
[    1.649817] random: systemd-udevd: uninitialized urandom read (16 bytes read, 2 bits of entropy available)
[    1.655268] random: systemd-udevd: uninitialized urandom read (16 bytes read, 2 bits of entropy available)
[    1.660561] random: systemd-udevd: uninitialized urandom read (16 bytes read, 2 bits of entropy available)
[    1.664590] random: udevadm: uninitialized urandom read (16 bytes read, 2 bits of entropy available)
[    1.664756] random: udevadm: uninitialized urandom read (16 bytes read, 2 bits of entropy available)
[    1.665275] random: udevadm: uninitialized urandom read (16 bytes read, 2 bits of entropy available)
[    1.665352] random: udevadm: uninitialized urandom read (16 bytes read, 2 bits of entropy available)
[    1.743849] Fusion MPT base driver 3.04.20
[    1.746382] Copyright (c) 1999-2008 LSI Corporation
[    1.777046] e1000: Intel(R) PRO/1000 Network Driver - version 7.3.21-k8-NAPI
[    1.781078] e1000: Copyright (c) 1999-2006 Intel Corporation.
[    1.787897] AVX version of gcm_enc/dec engaged.
[    1.790462] AES CTR mode by8 optimization enabled
[    1.813920] Fusion MPT SPI Host driver 3.04.20
[    1.994845] input: ImExPS/2 Generic Explorer Mouse as /devices/platform/i8042/serio1/input/input4
[    2.302478] e1000 0000:00:03.0 eth0: (PCI:33MHz:32-bit) 02:98:c6:81:17:55
[    2.306011] e1000 0000:00:03.0 eth0: Intel(R) PRO/1000 Network Connection
[    3.217630] e1000 0000:00:08.0 eth1: (PCI:33MHz:32-bit) 08:00:27:e2:43:72
[    3.222648] e1000 0000:00:08.0 eth1: Intel(R) PRO/1000 Network Connection
[    3.229429] e1000 0000:00:03.0 enp0s3: renamed from eth0
[    3.236042] mptbase: ioc0: Initiating bringup
[    3.252169] e1000 0000:00:08.0 enp0s8: renamed from eth1
[    3.400078] ioc0: LSI53C1030 A0: Capabilities={Initiator}
[    5.284659] scsi host2: ioc0: LSI53C1030 A0, FwRev=00000000h, Ports=1, MaxQ=256, IRQ=20
[    7.076807] scsi 2:0:0:0: Direct-Access     VBOX     HARDDISK         1.0  PQ: 0 ANSI: 5
[    7.081526] scsi target2:0:0: Beginning Domain Validation
[    7.086257] scsi target2:0:0: Domain Validation skipping write tests
[    7.099826] scsi target2:0:0: Ending Domain Validation
[    7.102640] scsi target2:0:0: asynchronous
[    7.105633] scsi 2:0:1:0: Direct-Access     VBOX     HARDDISK         1.0  PQ: 0 ANSI: 5
[    7.110074] scsi target2:0:1: Beginning Domain Validation
[    7.114712] scsi target2:0:1: Domain Validation skipping write tests
[    7.118067] scsi target2:0:1: Ending Domain Validation
[    7.122266] scsi target2:0:1: asynchronous
[    7.143810] sd 2:0:0:0: Attached scsi generic sg0 type 0
[    7.147084] sd 2:0:0:0: [sda] 20971520 512-byte logical blocks: (10.7 GB/10.0 GiB)
[    7.147474] sd 2:0:1:0: [sdb] 20480 512-byte logical blocks: (10.5 MB/10.0 MiB)
[    7.147729] sd 2:0:1:0: [sdb] Write Protect is off
[    7.147927] sd 2:0:1:0: [sdb] Incomplete mode parameter data
[    7.147929] sd 2:0:1:0: [sdb] Assuming drive cache: write through
[    7.155247] sd 2:0:1:0: Attached scsi generic sg1 type 0
[    7.164697] sd 2:0:1:0: [sdb] Attached SCSI disk
[    7.171655] sd 2:0:0:0: [sda] Write Protect is off
[    7.174727] sd 2:0:0:0: [sda] Incomplete mode parameter data
[    7.177680] sd 2:0:0:0: [sda] Assuming drive cache: write through
[    7.184709]  sda: sda1
[    7.187460] sd 2:0:0:0: [sda] Attached SCSI disk
Begin: Loading essential drivers ... [    8.588866] md: linear personality registered for level -1
[    8.594939] md: multipath personality registered for level -4
[    8.600958] md: raid0 personality registered for level 0
[    8.608496] md: raid1 personality registered for level 1
[    8.682484] raid6: sse2x1   gen()  8151 MB/s
[    8.750429] raid6: sse2x1   xor()  6334 MB/s
[    8.818532] raid6: sse2x2   gen()  9089 MB/s
[    8.886431] raid6: sse2x2   xor()  6373 MB/s
[    8.954408] raid6: sse2x4   gen() 11739 MB/s
[    9.022396] raid6: sse2x4   xor()  8503 MB/s
[    9.025043] raid6: using algorithm sse2x4 gen() 11739 MB/s
[    9.028374] raid6: .... xor() 8503 MB/s, rmw enabled
[    9.031347] raid6: using ssse3x2 recovery algorithm
[    9.035868] xor: automatically using best checksumming function:
[    9.078375]    avx       : 17211.000 MB/sec
[    9.083210] async_tx: api initialized (async)
[    9.099119] md: raid6 personality registered for level 6
[    9.102292] md: raid5 personality registered for level 5
[    9.105493] md: raid4 personality registered for level 4
[    9.121021] md: raid10 personality registered for level 10
done.
Begin: Running /scripts/init-premount ... done.
Begin: Mounting root file system ... Begin: Running /scripts/local-top ... done.
Begin: Running /scripts/local-premount ... [    9.173756] Btrfs loaded
Scanning for Btrfs filesystems
done.
Warning: fsck not present, so skipping root file system
[    9.285653] EXT4-fs (sda1): mounted filesystem with ordered data mode. Opts: (null)
done.
Begin: Running /scripts/local-bottom ... done.
Begin: Running /scripts/init-bottom ... done.
[    9.889768] systemd[1]: systemd 229 running in system mode. (+PAM +AUDIT +SELINUX +IMA +APPARMOR +SMACK +SYSVINIT +UTMP +LIBCRYPTSETUP +GCRYPT +GNUTLS +ACL +XZ -LZ4 +SECCOMP +BLKID +ELFUTILS +KMOD -IDN)
[    9.900183] systemd[1]: Detected virtualization oracle.
[    9.903241] systemd[1]: Detected architecture x86-64.

Welcome to [1mUbuntu 16.04.7 LTS[0m!

[    9.936981] systemd[1]: Set hostname to <locations>.
[   10.546445] systemd[1]: Listening on Device-mapper event daemon FIFOs.
[[0;32m  OK  [0m] Listening on Device-mapper event daemon FIFOs.
[   10.559050] systemd[1]: Started Trigger resolvconf update for networkd DNS.
[[0;32m  OK  [0m] Started Trigger resolvconf update for networkd DNS.
[   10.570850] systemd[1]: Set up automount Arbitrary Executable File Formats File System Automount Point.
[[0;32m  OK  [0m] Set up automount Arbitrary Executab...ats File System Automount Point.
[   10.582945] systemd[1]: Created slice User and Session Slice.
[[0;32m  OK  [0m] Created slice User and Session Slice.
[   10.594636] systemd[1]: Reached target User and Group Name Lookups.
[[0;32m  OK  [0m] Reached target User and Group Name Lookups.
[   10.606558] systemd[1]: Reached target System Time Synchronized.
[[0;32m  OK  [0m] Reached target System Time Synchronized.
[   10.618565] systemd[1]: Listening on udev Kernel Socket.
[[0;32m  OK  [0m] Listening on udev Kernel Socket.
[   10.622765] systemd[1]: Listening on Journal Socket.
[[0;32m  OK  [0m] Listening on Journal Socket.
[   10.626607] systemd[1]: Reached target Swap.
[[0;32m  OK  [0m] Reached target Swap.
[   10.634695] systemd[1]: Listening on LVM2 metadata daemon socket.
[[0;32m  OK  [0m] Listening on LVM2 metadata daemon socket.
[   10.646589] systemd[1]: Listening on Journal Socket (/dev/log).
[[0;32m  OK  [0m] Listening on Journal Socket (/dev/log).
[   10.658724] systemd[1]: Listening on /dev/initctl Compatibility Named Pipe.
[[0;32m  OK  [0m] Listening on /dev/initctl Compatibility Named Pipe.
[   10.670649] systemd[1]: Listening on udev Control Socket.
[[0;32m  OK  [0m] Listening on udev Control Socket.
[   10.674939] systemd[1]: Started Forward Password Requests to Wall Directory Watch.
[[0;32m  OK  [0m] Started Forward Password Requests to Wall Directory Watch.
[   10.686662] systemd[1]: Listening on Journal Audit Socket.
[[0;32m  OK  [0m] Listening on Journal Audit Socket.
[   10.691126] systemd[1]: Listening on Syslog Socket.
[[0;32m  OK  [0m] Listening on Syslog Socket.
[   10.695226] systemd[1]: Created slice System Slice.
[[0;32m  OK  [0m] Created slice System Slice.
[   10.707271] systemd[1]: Created slice system-serial\x2dgetty.slice.
[[0;32m  OK  [0m] Created slice system-serial\x2dgetty.slice.
[   10.726898] systemd[1]: Mounting Debug File System...
         Mounting Debug File System...
[   10.739500] systemd[1]: Starting Remount Root and Kernel File Systems...
         Starting Remount Root and Kernel File Systems...
[   10.746247] systemd[1]: Mounting Huge Pages File System...
         Mounting Huge Pages File System...
[   10.759546] systemd[1]: Starting Journal Service...
         Starting Journal Service...
[   10.764364] EXT4-fs (sda1): re-mounted. Opts: (null)
[   10.772196] systemd[1]: Starting Nameserver information manager...
         Starting Nameserver information manager...
[   10.783531] systemd[1]: Starting Set console keymap...
         Starting Set console keymap...
[   10.839137] systemd[1]: Starting Load Kernel Modules...
         Starting Load Kernel Modules...
[   10.855434] systemd[1]: Starting Create list of required static device nodes for the current kernel...
         Starting Create list of required st... nodes for the current kernel...
[   10.867479] systemd[1]: Mounting POSIX Message Queue File System...
         Mounting POSIX Message Queue File System...
[   10.874200] systemd[1]: Starting Uncomplicated firewall...
[   10.881973] Loading iSCSI transport class v2.0-870.
         Starting Uncomplicated firewall...
[   10.891360] systemd[1]: Starting Monitoring of LVM2 mirrors, snapshots etc. using dmeventd or progress polling...
         Starting Monitoring of LVM2 mirrors... dmeventd or progress polling...
[   10.910616] systemd[1]: Reached target Encrypted Volumes.
[   10.915699] iscsi: registered transport (tcp)
[[0;32m  OK  [0m] Reached target Encrypted Volumes.
[   10.919736] systemd[1]: Listening on LVM2 poll daemon socket.
[[0;32m  OK  [0m] Listening on LVM2 poll daemon socket.
[   10.931068] systemd[1]: Reached target Slices.
[[0;32m  OK  [0m] Reached target Slices.
[   10.959715] systemd[1]: Mounted Huge Pages File System.
[[0;32m  OK  [0m] Mounted Huge Pages File System.
[   10.970927] systemd[1]: Mounted POSIX Message Queue File System.
[[0;32m  OK  [0m] Mounted POSIX Message Queue File System.
[   10.975743] systemd[1]: Mounted Debug File System.
[[0;32m  OK  [0m] Mounted Debug File System.
[   10.986753] systemd[1]: Started Journal Service.
[[0;32m  OK  [0m] Started Journal Service.
[   10.993028] iscsi: registered transport (iser)
[[0;32m  OK  [0m] Started Remount Root and Kernel File Systems.
[[0;32m  OK  [0m] Started Set console keymap.
[[0;32m  OK  [0m] Started Load Kernel Modules.
[[0;32m  OK  [0m] Started Create list of required sta...ce nodes for the current kernel.
[[0;32m  OK  [0m] Started Uncomplicated firewall.
[[0;32m  OK  [0m] Started Nameserver information manager.
[[0;32m  OK  [0m] Started LVM2 metadata daemon.
         Starting Create Static Device Nodes in /dev...
         Mounting FUSE Control File System...
         Starting Apply Kernel Variables...
         Starting Load/Save Random Seed...
         Starting udev Coldplug all Devices...
         Starting Flush Journal to Persistent Storage...
[[0;32m  OK  [0m] Mounted FUSE Control File System.
[[0;32m  OK  [0m] Started Load/Save Random Seed.
[   11.143743] systemd-journald[388]: Received request to flush runtime journal from PID 1
[[0;32m  OK  [0m] Started Flush Journal to Persistent Storage.
[[0;32m  OK  [0m] Started Apply Kernel Variables.
[[0;32m  OK  [0m] Started Create Static Device Nodes in /dev.
         Starting udev Kernel Device Manager...
[[0;32m  OK  [0m] Started Monitoring of LVM2 mirrors,...ng dmeventd or progress polling.
[[0;32m  OK  [0m] Reached target Local File Systems (Pre).
[[0;32m  OK  [0m] Reached target Local File Systems.
         Starting Tell Plymouth To Write Out Runtime Data...
         Starting Create Volatile Files and Directories...
         Starting Set console font and keymap...
         Starting LSB: AppArmor initialization...
         Starting Initial cloud-init job (pre-networking)...
[[0;32m  OK  [0m] Started udev Coldplug all Devices.
[[0;32m  OK  [0m] Started Tell Plymouth To Write Out Runtime Data.
[[0;32m  OK  [0m] Started Create Volatile Files and Directories.
         Starting Update UTMP about System Boot/Shutdown...
[[0;32m  OK  [0m] Started Update UTMP about System Boot/Shutdown.
[[0;32m  OK  [0m] Started udev Kernel Device Manager.
[[0;32m  OK  [0m] Started Dispatch Password Requests to Console Directory Watch.
[[0;32m  OK  [0m] Started LSB: AppArmor initialization.
         Starting Load AppArmor profiles managed internally by snapd...
[[0;32m  OK  [0m] Started Load AppArmor profiles managed internally by snapd.
[[0;32m  OK  [0m] Started Set console font and keymap.
[[0;32m  OK  [0m] Created slice system-getty.slice.
[[0;32m  OK  [0m] Found device /dev/ttyS0.
[[0;32m  OK  [0m] Listening on Load/Save RF Kill Switch Status /dev/rfkill Watch.
[[0;32m  OK  [0m] Found device 82540EM Gigabit Ethern...r (PRO/1000 MT Desktop Adapter).
[[0;32m  OK  [0m] Found device 82540EM Gigabit Ethern...r (PRO/1000 MT Desktop Adapter).
[   13.479799] cloud-init[488]: Cloud-init v. 20.2-45-g5f7825e2-0ubuntu1~16.04.1 running 'init-local' at Thu, 03 Sep 2020 10:48:22 +0000. Up 12.97 seconds.
[[0;32m  OK  [0m] Started Initial cloud-init job (pre-networking).
[[0;32m  OK  [0m] Reached target Network (Pre).
[[0;32m  OK  [0m] Started ifup for enp0s8.
         Starting Raise network interfaces...
[[0;32m  OK  [0m] Started ifup for enp0s3.
[[0;32m  OK  [0m] Started Raise network interfaces.
[[0;32m  OK  [0m] Reached target Network.
         Starting Initial cloud-init job (metadata service crawler)...
[   14.509095] cloud-init[1086]: Cloud-init v. 20.2-45-g5f7825e2-0ubuntu1~16.04.1 running 'init' at Thu, 03 Sep 2020 10:48:23 +0000. Up 14.09 seconds.
[   14.511259] cloud-init[1086]: ci-info: ++++++++++++++++++++++++++++++++++++++Net device info+++++++++++++++++++++++++++++++++++++++
[   14.525664] cloud-init[1086]: ci-info: +--------+------+-----------------------------+---------------+--------+-------------------+
[   14.532645] cloud-init[1086]: ci-info: | Device |  Up  |           Address           |      Mask     | Scope  |     Hw-Address    |
[   14.540709] cloud-init[1086]: ci-info: +--------+------+-----------------------------+---------------+--------+-------------------+
[   14.548490] cloud-init[1086]: ci-info: | enp0s3 | True |          10.0.2.15          | 255.255.255.0 | global | 02:98:c6:81:17:55 |
[   14.556495] cloud-init[1086]: ci-info: | enp0s3 | True |  fe80::98:c6ff:fe81:1755/64 |       .       |  link  | 02:98:c6:81:17:55 |
[   14.558675] cloud-init[1086]: ci-info: | enp0s8 | True |         192.168.5.4         | 255.255.255.0 | global | 08:00:27:e2:43:72 |
[   14.568868] cloud-init[1086]: ci-info: | enp0s8 | True | fe80::a00:27ff:fee2:4372/64 |       .       |  link  | 08:00:27:e2:43:72 |
[[0;32m  OK  [0m] Started Initial cloud-init job (metadata service crawler).
[[   14.569214] cloud-init[1086]: ci-info: |   lo   | True |          127.0.0.1          |   255.0.0.0   |  host  |         .         |
[   14.577380] cloud-init[1086]: ci-info: |   lo   | True |           ::1/128           |       .       |  host  |         .         |
[0;32m  OK  [0m] Reached target Cloud-config availability.
[   14.577756] cloud-init[1086]: ci-info: +--------+------+-----------------------------+---------------+--------+-------------------+
[   14.588809] cloud-init[1086]: ci-info: +++++++++++++++++++++++++++Route IPv4 info++++++++++++++++++++++++++++
[   14.589160] cloud-init[1086]: ci-info: +-------+-------------+----------+---------------+-----------+-------+
[   14.589431] cloud-init[1086]: ci-info: | Route | Destination | Gateway  |    Genmask    | Interface | Flags |
[[0;32m  OK  [0m] Reached target Network is Online.
[   14.589691] cloud-init[1086]: ci-info: +-------+-------------+----------+---------------+-----------+-------+
[   14.608795] cloud-init[1086]: ci-info: |   0   |   0.0.0.0   | 10.0.2.2 |    0.0.0.0    |   enp0s3  |   UG  |
[   14.616811] cloud-init[1086]: ci-info: |   1   |   10.0.2.0  | 0.0.0.0  | 255.255.255.0 |   enp0s3  |   U   |
[   14.617227] cloud-init[1086]: ci-info: |   2   | 192.168.5.0 | 0.0.0.0  | 255.255.255.0 |   enp0s8  |   U   |
[   14.617667] cloud-init[1086]:          ci-info: +-------+-------------+----------+---------------+-----------+-------+
Starting iSCSI initiator daemon (iscsid)...
[   14.617920] cloud-init[1086]: ci-info: +++++++++++++++++++Route IPv6 info+++++++++++++++++++
[   14.632325] [cloud-init[0;32m  OK  [0m[1086]: ] ci-info: +-------+-------------+---------+-----------+-------+Reached target System Initialization.

[   14.634667] cloud-init[1086]: ci-info: | Route | Destination | Gateway | Interface | Flags |
[   14.649039] cloud-init[1086]: ci-info: +-------+-------------+---------+-----------+-------+
[[0;32m  OK  [0m] Started Message of the Day.
[[0;32m  OK  [0m] Listening on D-Bus System Message Bus Socket.
[[   14.650780] [0;32m  OK  [0mcloud-init] [1086]: Listening on UUID daemon activation socket.ci-info: |   0   |  fe80::/64  |    ::   |   enp0s8  |   U   |

[   14.664736] [cloud-init[0;32m  OK  [0m] Started ACPI Events Check.
[1086]: ci-info: |   1   |  fe80::/64  |    ::   |   enp0s3  |   U   |
[[0;32m  OK  [0m] Reached target Paths.
[[0;32m  OK  [0m] Started Daily apt download activities.
[   14.666433] cloud-init[1086]: ci-info: |   4   |   ff00::/8  |    ::   |   enp0s8  |   U   |
[[0;32m  OK  [0m] Started Daily apt upgrade and clean activities.
[[0;32m  OK  [0m] Started Daily Cleanup of Temporary Directories.
[[0;32m  OK  [0m] Reached target Timers.
[   14.676430] cloud-init[1086]: ci-info: |   5   |   ff00::/8  |    ::   |   enp0s3  |   U   |
[   14.692841]          cloud-initStarting LXD - unix socket.[1086]: ci-info: +-------+-------------+---------+-----------+-------+

[[0;32m  OK  [0m] Listening on ACPID Listen Socket.
         Starting Socket activation for snappy daemon.
[[0;32m  OK  [0m] Listening on LXD - unix socket.
[[0;32m  OK  [0m] Listening on Socket activation for snappy daemon.
[[0;32m  OK  [0m] Reached target Sockets.
[[0;32m  OK  [0m] Reached target Basic System.
         Starting /etc/rc.local Compatibility...
[[0;32m  OK  [0m] Started Regular background program processing daemon.
         Starting Accounts Service...
         Starting LSB: Record successful boot for GRUB...
[[0;32m  OK  [0m] Started FUSE filesystem for LXC.
         Starting System Logging Service...
         Starting vboxadd.service...
         Starting LSB: MD monitoring daemon...
[[0;32m  OK  [0m] Started ACPI event daemon.
         Starting Snap Daemon...
         Starting Login Service...
         Starting OpenBSD Secure Shell server...
[[0;32m  OK  [0m] Started Deferred execution scheduler.
[[0;32m  OK  [0m] Started D-Bus System Message Bus.
         Starting LXD - container startup/shutdown...
[[0;32m  OK  [0m] Started System Logging Service.
[[0;32m  OK  [0m] Started iSCSI initiator daemon (iscsid).
[[0;32m  OK  [0m] Started /etc/rc.local Compatibility.
[[0;32m  OK  [0m] Started OpenBSD Secure Shell server.
[[0;32m  OK  [0m] Started Login Service.
[[0;32m  OK  [0m] Started Unattended Upgrades Shutdown.
         Starting Authenticate and Authorize Users to Run Privileged Tasks...
         Starting Login to default iSCSI targets...
[[0;32m  OK  [0m] Started LSB: Record successful boot for GRUB.
[[0;32m  OK  [0m] Started LSB: MD monitoring daemon.
[[0;32m  OK  [0m] Started Login to default iSCSI targets.
[[0;32m  OK  [0m] Reached target Remote File Systems (Pre).
[[0;32m  OK  [0m] Reached target Remote File Systems.
         Starting LSB: daemon to balance interrupts for SMP systems...
         Starting LSB: Set the CPU Frequency Scaling governor to "ondemand"...
         Starting Permit User Sessions...
         Starting LSB: automatic crash report generation...
[[0;32m  OK  [0m] Started Authenticate and Authorize Users to Run Privileged Tasks.
[[0;32m  OK  [0m] Started Accounts Service.
[[0;32m  OK  [0m] Started Permit User Sessions.
         Starting Hold until boot process finishes up...
         Starting Terminate Plymouth Boot Screen...
[[0;32m  OK  [0m] Started LSB: Set the CPU Frequency Scaling governor to "ondemand".
[[0;32m  OK  [0m] Started Hold until boot process finishes up.
[[0;32m  OK  [0m] Started Getty on tty1.
         Starting Set console scheme...
[[0;32m  OK  [0m] Started Serial Getty on ttyS0.
[[0;32m  OK  [0m] Reached target Login Prompts.
[[0;32m  OK  [0m] Started LSB: daemon to balance interrupts for SMP systems.
[[0;32m  OK  [0m] Started LSB: automatic crash report generation.
[[0;32m  OK  [0m] Started Terminate Plymouth Boot Screen.
[[0;32m  OK  [0m] Started Set console scheme.
[[0;32m  OK  [0m] Started LXD - container startup/shutdown.
[[0;32m  OK  [0m] Created slice User Slice of vagrant.
         Starting User Manager for UID 1000...
[[0;32m  OK  [0m] Started Session 1 of user vagrant.
[[0;32m  OK  [0m] Started Snap Daemon.
         Starting Wait until snapd is fully seeded...
[[0;32m  OK  [0m] Started User Manager for UID 1000.
[[0;32m  OK  [0m] Started Wait until snapd is fully seeded.
         Starting Apply the settings specified in cloud-config...
[   16.701769] cloud-init[1362]: Cloud-init v. 20.2-45-g5f7825e2-0ubuntu1~16.04.1 running 'modules:config' at Thu, 03 Sep 2020 10:48:25 +0000. Up 16.47 seconds.
[[0;32m  OK  [0m] Started Apply the settings specified in cloud-config.
[[0;32m  OK  [0m] Started vboxadd.service.
         Starting vboxadd-service.service...
[[0;32m  OK  [0m] Started vboxadd-service.service.
[[0;32m  OK  [0m] Reached target Multi-User System.
[[0;32m  OK  [0m] Reached target Graphical Interface.
         Starting Update UTMP about System Runlevel Changes...
         Starting Execute cloud user/final scripts...
[[0;32m  OK  [0m] Started Update UTMP about System Runlevel Changes.
[   19.348321] cloud-init[1642]: Cloud-init v. 20.2-45-g5f7825e2-0ubuntu1~16.04.1 running 'modules:final' at Thu, 03 Sep 2020 10:48:28 +0000. Up 19.15 seconds.
[   19.356902] cloud-init[1642]: Cloud-init v. 20.2-45-g5f7825e2-0ubuntu1~16.04.1 finished at Thu, 03 Sep 2020 10:48:28 +0000. Datasource DataSourceNoCloud [seed=/dev/sdb][dsmode=net].  Up 19.31 seconds
[[0;32m  OK  [0m] Started Execute cloud user/final scripts.
[[0;32m  OK  [0m] Reached target Cloud-init target.

Ubuntu 16.04.7 LTS locations ttyS0

locations login: 